  ArbolBinario.cpp
  main.cpp
  Node.cpp
  NodoString.cpp
  NodoArbol.cpp
  Pila.cpp
  PilaString.cpp
  Pila_Tree.cpp
  Polaca.cpp
C:\Users\TOSHIBA\Desktop\3685-BackSquad\Proyecto\Borrador\Polaca\NuevoArbol\NuevoArbol\Polaca.cpp(53,36): warning C4267: 'inicializando': conversión de 'size_t' a 'int'; posible pérdida de datos
C:\Users\TOSHIBA\Desktop\3685-BackSquad\Proyecto\Borrador\Polaca\NuevoArbol\NuevoArbol\Polaca.cpp(77,14): warning C4244: 'inicializando': conversión de 'double' a 'float'; posible pérdida de datos
C:\Users\TOSHIBA\Desktop\3685-BackSquad\Proyecto\Borrador\Polaca\NuevoArbol\NuevoArbol\Polaca.cpp(83,14): warning C4244: 'inicializando': conversión de 'double' a 'float'; posible pérdida de datos
C:\Users\TOSHIBA\Desktop\3685-BackSquad\Proyecto\Borrador\Polaca\NuevoArbol\NuevoArbol\Polaca.cpp(89,14): warning C4244: 'inicializando': conversión de 'double' a 'float'; posible pérdida de datos
C:\Users\TOSHIBA\Desktop\3685-BackSquad\Proyecto\Borrador\Polaca\NuevoArbol\NuevoArbol\Polaca.cpp(95,14): warning C4244: 'inicializando': conversión de 'double' a 'float'; posible pérdida de datos
C:\Users\TOSHIBA\Desktop\3685-BackSquad\Proyecto\Borrador\Polaca\NuevoArbol\NuevoArbol\Polaca.cpp(101,14): warning C4244: 'inicializando': conversión de 'double' a 'float'; posible pérdida de datos
  Arbol.cpp
  Tree_Node.cpp
  Validar.cpp
C:\Users\TOSHIBA\Desktop\3685-BackSquad\Proyecto\Borrador\Polaca\NuevoArbol\NuevoArbol\Validar.cpp(17,29): warning C4267: 'inicializando': conversión de 'size_t' a 'int'; posible pérdida de datos
  Generando código...
C:\Users\TOSHIBA\Desktop\3685-BackSquad\Proyecto\Borrador\Polaca\NuevoArbol\NuevoArbol\Polaca.cpp(109): warning C4715: 'Polaca::doOperation': no todas las rutas de acceso de control devuelven un valor
C:\Users\TOSHIBA\Desktop\3685-BackSquad\Proyecto\Borrador\Polaca\NuevoArbol\NuevoArbol\Pila_Tree.cpp(29): warning C4715: 'Pila_Tree::toEmpty': no todas las rutas de acceso de control devuelven un valor
C:\Users\TOSHIBA\Desktop\3685-BackSquad\Proyecto\Borrador\Polaca\NuevoArbol\NuevoArbol\Pila.cpp(39): warning C4715: 'Pila::toEmpty': no todas las rutas de acceso de control devuelven un valor
  NuevoArbol.vcxproj -> C:\Users\TOSHIBA\Desktop\3685-BackSquad\Proyecto\Borrador\Polaca\NuevoArbol\x64\Debug\NuevoArbol.exe
